C51 COMPILER V9.54   LCD1602                                                               12/27/2022 19:19:13 PAGE 1   


C51 COMPILER V9.54, COMPILATION OF MODULE LCD1602
OBJECT MODULE PLACED IN .\Objects\LCD1602.obj
COMPILER INVOKED BY: C:\Users\∏µºŒ‹≤\Keil5 C51\C51\BIN\C51.EXE LCD1602.c OPTIMIZE(8,SPEED) BROWSE DEBUG OBJECTEXTEND PRI
                    -NT(.\Listings\LCD1602.lst) OBJECT(.\Objects\LCD1602.obj)

line level    source

   1          #include <REGX52.H>
   2          
   3          sbit LCD_RS=P2^6;
   4          sbit LCD_RW=P2^5;
   5          sbit LCD_E=P2^7;
   6          #define LCD_DataPort P0
   7          
   8          void LCD_Delay()
   9          {
  10   1                      unsigned char i,j;
  11   1                      i=2;
  12   1                      j=239;
  13   1                      do
  14   1                      {
  15   2                                      while(--j);
  16   2                      }while(--i);
  17   1      }
  18          
  19          void LCD_WriteCommand(unsigned char Command)
  20          {
  21   1                      LCD_RS=0;
  22   1                      LCD_RW=0;
  23   1                      LCD_DataPort=Command;
  24   1                      LCD_E=1;
  25   1                      LCD_Delay();
  26   1                      LCD_E=0;
  27   1                      LCD_Delay();
  28   1      }
  29          void LCD_WriteData(unsigned char Data)
  30          {
  31   1                      LCD_RS=1;
  32   1                      LCD_RW=0;
  33   1                      LCD_DataPort=Data;
  34   1                      LCD_E=1;
  35   1                      LCD_Delay();
  36   1                      LCD_E=0;
  37   1                      LCD_Delay();
  38   1      }
  39          void LCD_Init(void)
  40          {
  41   1                      LCD_WriteCommand(0x38);
  42   1                      LCD_WriteCommand(0x0c);
  43   1                      LCD_WriteCommand(0x06);
  44   1                      LCD_WriteCommand(0x01);
  45   1      }
  46          void LCD_SetCursor(unsigned char Line,unsigned char Column)
  47          {
  48   1                      if(Line==1)
  49   1                      {
  50   2                                      LCD_WriteCommand(0x80|(Column-1));
  51   2                      }
  52   1                      else
  53   1                      {
  54   2                                      LCD_WriteCommand(0x80|(Column-1)+0x40);
C51 COMPILER V9.54   LCD1602                                                               12/27/2022 19:19:13 PAGE 2   

  55   2                      }
  56   1      }
  57          void LCD_ShowChar(unsigned char Line,unsigned char Column,unsigned char Char)
  58          {
  59   1                      LCD_SetCursor(Line,Column);
  60   1                      LCD_WriteData(Char);
  61   1      }
  62          void LCD_ShowString(unsigned char Line,unsigned char Column,unsigned char String[])
  63          {
  64   1                      unsigned char i;
  65   1                      LCD_SetCursor(Line,Column);
  66   1                      for(i=0;String[i]!='\0';i++)
  67   1                      {
  68   2                                      LCD_WriteData(String[i]);
  69   2                      }
  70   1      }
  71          int pow(int x,int y)
  72          {
  73   1              unsigned char i;
  74   1              int result=1;
  75   1              for(i=0;i<y;i++)
  76   1              {
  77   2                      result*=x;
  78   2              }
  79   1              return result;
  80   1      }
  81          void LCD_ShowNum(unsigned char Line,unsigned char Column,unsigned int Number,unsigned char Length)
  82          {
  83   1                      unsigned char i;
  84   1                      LCD_SetCursor(Line,Column);
  85   1                      for(i=Length;i>0;i--)
  86   1                      {
  87   2                              LCD_WriteData(0x30+Number/pow(10,i-1)%10);
  88   2                              
  89   2                      }
  90   1      }
  91          void LCD_ShowSignedNum(unsigned char Line,unsigned char Column,int Number,unsigned char Length)
  92          {
  93   1              unsigned char i;
  94   1              unsigned int Number1;
  95   1              LCD_SetCursor(Line,Column);
  96   1              if(Number>=0)
  97   1              {
  98   2                      LCD_WriteData('+');
  99   2                      Number1=Number;
 100   2              }
 101   1              else
 102   1              {
 103   2                      LCD_WriteData('-');
 104   2                      Number1=-Number;
 105   2              }
 106   1              for(i=Length;i>0;i--)
 107   1                      {
 108   2                              LCD_WriteData(0x30+Number1/pow(10,i-1)%10);
 109   2                              
 110   2                      }
 111   1      }
 112          void LCD_ShowHexNum(unsigned char Line,unsigned char Column,unsigned int Number,unsigned char Length)
 113          {
 114   1                      unsigned char i;
 115   1                      unsigned char SingleNumber;
 116   1                      LCD_SetCursor(Line,Column);
C51 COMPILER V9.54   LCD1602                                                               12/27/2022 19:19:13 PAGE 3   

 117   1                      for(i=Length;i>0;i--)
 118   1                      {
 119   2                              SingleNumber=Number/pow(16,i-1)%16;
 120   2                              if(SingleNumber<10)
 121   2                              {
 122   3                                      LCD_WriteData(0x30+SingleNumber);
 123   3                              }
 124   2                              else
 125   2                              {
 126   3                                      LCD_WriteData('A'+SingleNumber-10);
 127   3                              }
 128   2                              
 129   2                      }
 130   1      }
 131          void LCD_ShowBinNum(unsigned char Line,unsigned char Column,unsigned int Number,unsigned char Length)
 132          {
 133   1              
 134   1                      unsigned char i;
 135   1                      LCD_SetCursor(Line,Column);
 136   1                      for(i=Length;i>0;i--)
 137   1                      {
 138   2                              LCD_WriteData(0x30+Number/pow(2,i-1)%2);
 139   2                              
 140   2                      }
 141   1      }


MODULE INFORMATION:   STATIC OVERLAYABLE
   CODE SIZE        =    387    ----
   CONSTANT SIZE    =   ----    ----
   XDATA SIZE       =   ----    ----
   PDATA SIZE       =   ----    ----
   DATA SIZE        =   ----      29
   IDATA SIZE       =   ----    ----
   BIT SIZE         =   ----    ----
END OF MODULE INFORMATION.


C51 COMPILATION COMPLETE.  0 WARNING(S),  0 ERROR(S)
