C51 COMPILER V9.54   MAIN                                                                  12/27/2022 19:33:00 PAGE 1   


C51 COMPILER V9.54, COMPILATION OF MODULE MAIN
OBJECT MODULE PLACED IN .\Objects\main.obj
COMPILER INVOKED BY: C:\Users\∏µºŒ‹≤\Keil5 C51\C51\BIN\C51.EXE main.c OPTIMIZE(8,SPEED) BROWSE DEBUG OBJECTEXTEND PRINT(
                    -.\Listings\main.lst) OBJECT(.\Objects\main.obj)

line level    source

   1          #include <REGX52.H>
   2          #include "LCD1602.h"
   3          #include "Delay.h"
   4          void main()
   5          {
   6   1                      unsigned char i;
   7   1                  for(i=0;i<10;i++)
   8   1                      {
   9   2                              LCD_Init();
  10   2                              LCD_ShowNum(1,1,i,1);
  11   2                              Delay(300);
  12   2                      }
  13   1                      for(i=10;i<100;i++)
  14   1                      {
  15   2                              LCD_Init();
  16   2                              LCD_ShowNum(1,1,i,2);
  17   2                              Delay(300);
  18   2                      }
  19   1                      for(i=100;i<256;i++)
  20   1                      {
  21   2                              LCD_Init();
  22   2                              LCD_ShowNum(1,1,i,3);
  23   2                              Delay(300);
  24   2                      }
  25   1                      while(1)
  26   1                      {
  27   2      
  28   2                      }
  29   1      }


MODULE INFORMATION:   STATIC OVERLAYABLE
   CODE SIZE        =    115    ----
   CONSTANT SIZE    =   ----    ----
   XDATA SIZE       =   ----    ----
   PDATA SIZE       =   ----    ----
   DATA SIZE        =   ----       1
   IDATA SIZE       =   ----    ----
   BIT SIZE         =   ----    ----
END OF MODULE INFORMATION.


C51 COMPILATION COMPLETE.  0 WARNING(S),  0 ERROR(S)
