C51 COMPILER V9.60.0.0   MAIN                                                              12/27/2022 21:15:29 PAGE 1   


C51 COMPILER V9.60.0.0, COMPILATION OF MODULE MAIN
OBJECT MODULE PLACED IN .\Objects\main.obj
COMPILER INVOKED BY: D:\HDU\keil_V5 51\C51\BIN\C51.EXE main.c OPTIMIZE(8,SPEED) BROWSE DEBUG OBJECTEXTEND PRINT(.\Listin
                    -gs\main.lst) OBJECT(.\Objects\main.obj)

line level    source

   1          #include <REGX52.H>
   2          #include "LCD1602.h"
   3          #include "delay.h"
   4          #include "stdio.h" 
   5          
   6          void main()
   7          {
   8   1              //LCD_ShowString(1,1,"33.33");
   9   1              unsigned char  str[16];
  10   1              float a =1234.56;
  11   1              LCD_Init();
  12   1              sprintf(str,"%f",a);
  13   1              LCD_ShowString(1,1,str);
  14   1              while(1)
  15   1              {
  16   2              }
  17   1      }


MODULE INFORMATION:   STATIC OVERLAYABLE
   CODE SIZE        =     60    ----
   CONSTANT SIZE    =      3    ----
   XDATA SIZE       =   ----    ----
   PDATA SIZE       =   ----    ----
   DATA SIZE        =   ----      20
   IDATA SIZE       =   ----    ----
   BIT SIZE         =   ----    ----
END OF MODULE INFORMATION.


C51 COMPILATION COMPLETE.  0 WARNING(S),  0 ERROR(S)
