C51 COMPILER V9.54   DELAY                                                                 12/27/2022 21:38:38 PAGE 1   


C51 COMPILER V9.54, COMPILATION OF MODULE DELAY
OBJECT MODULE PLACED IN .\Objects\Delay.obj
COMPILER INVOKED BY: C:\Keil_v5\C51\BIN\C51.EXE ..\..\..\..\KeilProject\5-1 Ä£¿é»¯±à³Ì\Delay.c OPTIMIZE(8,SPEED) BROWSE 
                    -DEBUG OBJECTEXTEND PRINT(.\Listings\Delay.lst) TABS(2) OBJECT(.\Objects\Delay.obj)

line level    source

   1          void Delay(long xms)    //@11.0592MHz
   2          {
   3   1        unsigned char i, j;
   4   1        while(xms)
   5   1        {
   6   2          i = 2;
   7   2          j = 199;
   8   2          do
   9   2          {
  10   3            while (--j);
  11   3          } while (--i);
  12   2          xms--;
  13   2        }
  14   1      }


MODULE INFORMATION:   STATIC OVERLAYABLE
   CODE SIZE        =     57    ----
   CONSTANT SIZE    =   ----    ----
   XDATA SIZE       =   ----    ----
   PDATA SIZE       =   ----    ----
   DATA SIZE        =   ----       4
   IDATA SIZE       =   ----    ----
   BIT SIZE         =   ----    ----
END OF MODULE INFORMATION.


C51 COMPILATION COMPLETE.  0 WARNING(S),  0 ERROR(S)
