C51 COMPILER V9.60.0.0   LCD1602                                                           12/27/2022 18:58:35 PAGE 1   


C51 COMPILER V9.60.0.0, COMPILATION OF MODULE LCD1602
OBJECT MODULE PLACED IN .\Objects\LCD1602.obj
COMPILER INVOKED BY: D:\HDU\keil_V5 51\C51\BIN\C51.EXE LCD1602.c OPTIMIZE(8,SPEED) BROWSE DEBUG OBJECTEXTEND PRINT(.\Lis
                    -tings\LCD1602.lst) OBJECT(.\Objects\LCD1602.obj)

line level    source

   1          #include <REGX52.H>
   2          
   3          //引脚配置：
   4          sbit LCD_RS=P2^6;
   5          sbit LCD_RW=P2^5;
   6          sbit LCD_EN=P2^7;
   7          #define LCD_DataPort P0
   8          
   9          //函数定义：
  10          /**
  11            * @brief  LCD1602延时函数，12MHz调用可延时1ms
  12            * @param  无
  13            * @retval 无
  14            */
  15            void LCD_Delay()                                             //我的晶振是11.0592hz，改了
  16          {
  17   1              unsigned char i, j;
  18   1              i = 11;
  19   1              j = 190;
  20   1              do
  21   1              {
  22   2                      while (--j);
  23   2              } while (--i);
  24   1      }
  25          
  26          /**
  27            * @brief  LCD1602写命令
  28            * @param  Command 要写入的命令
  29            * @retval 无
  30            */
  31          void LCD_WriteCommand(unsigned char Command)
  32          {
  33   1              LCD_RS=0;
  34   1              LCD_RW=0;
  35   1              LCD_DataPort=Command;
  36   1              LCD_EN=1;
  37   1              LCD_Delay();
  38   1              LCD_EN=0;
  39   1              LCD_Delay();
  40   1      }
  41          
  42          /**
  43            * @brief  LCD1602写数据
  44            * @param  Data 要写入的数据
  45            * @retval 无
  46            */
  47          void LCD_WriteData(unsigned char Data)
  48          {
  49   1              LCD_RS=1;
  50   1              LCD_RW=0;
  51   1              LCD_DataPort=Data;
  52   1              LCD_EN=1;
  53   1              LCD_Delay();
  54   1              LCD_EN=0;
C51 COMPILER V9.60.0.0   LCD1602                                                           12/27/2022 18:58:35 PAGE 2   

  55   1              LCD_Delay();
  56   1      }
  57          
  58          /**
  59            * @brief  LCD1602设置光标位置
  60            * @param  Line 行位置，范围：1~2
  61            * @param  Column 列位置，范围：1~16
  62            * @retval 无
  63            */
  64          void LCD_SetCursor(unsigned char Line,unsigned char Column)
  65          {
  66   1              if(Line==1)
  67   1              {
  68   2                      LCD_WriteCommand(0x80|(Column-1));
  69   2              }
  70   1              else if(Line==2)
  71   1              {
  72   2                      LCD_WriteCommand(0x80|(Column-1+0x40));
  73   2              }
  74   1      }
  75          
  76          /**
  77            * @brief  LCD1602初始化函数
  78            * @param  无
  79            * @retval 无
  80            */
  81          void LCD_Init()
  82          {
  83   1              LCD_WriteCommand(0x38);//八位数据接口，两行显示，5*7点阵
  84   1              LCD_WriteCommand(0x0c);//显示开，光标关，闪烁关
  85   1              LCD_WriteCommand(0x06);//数据读写操作后，光标自动加一，画面不动
  86   1              LCD_WriteCommand(0x01);//光标复位，清屏
  87   1      }
  88          
  89          /**
  90            * @brief  在LCD1602指定位置上显示一个字符
  91            * @param  Line 行位置，范围：1~2
  92            * @param  Column 列位置，范围：1~16
  93            * @param  Char 要显示的字符
  94            * @retval 无
  95            */
  96          void LCD_ShowChar(unsigned char Line,unsigned char Column,char Char)
  97          {
  98   1              LCD_SetCursor(Line,Column);
  99   1              LCD_WriteData(Char);
 100   1      }
 101          
 102          /**
 103            * @brief  在LCD1602指定位置开始显示所给字符串
 104            * @param  Line 起始行位置，范围：1~2
 105            * @param  Column 起始列位置，范围：1~16
 106            * @param  String 要显示的字符串
 107            * @retval 无
 108            */
 109          void LCD_ShowString(unsigned char Line,unsigned char Column,char *String)
 110          {
 111   1              unsigned char i;
 112   1              LCD_SetCursor(Line,Column);
 113   1              for(i=0;String[i]!='\0';i++)
 114   1              {
 115   2                      LCD_WriteData(String[i]);
 116   2              }
C51 COMPILER V9.60.0.0   LCD1602                                                           12/27/2022 18:58:35 PAGE 3   

 117   1      }
 118          
 119          /**
 120            * @brief  返回值=X的Y次方
 121            */
 122          int LCD_Pow(int X,int Y)
 123          {
 124   1              unsigned char i;
 125   1              int Result=1;
 126   1              for(i=0;i<Y;i++)
 127   1              {
 128   2                      Result*=X;
 129   2              }
 130   1              return Result;
 131   1      }
 132          
 133          /**
 134            * @brief  在LCD1602指定位置开始显示所给数字
 135            * @param  Line 起始行位置，范围：1~2
 136            * @param  Column 起始列位置，范围：1~16
 137            * @param  Number 要显示的数字，范围：0~65535
 138            * @param  Length 要显示数字的长度，范围：1~5
 139            * @retval 无
 140            */
 141          void LCD_ShowNum(unsigned char Line,unsigned char Column,unsigned int Number,unsigned char Length)
 142          {
 143   1              unsigned char i;
 144   1              LCD_SetCursor(Line,Column);
 145   1              for(i=Length;i>0;i--)
 146   1              {
 147   2                      LCD_WriteData(Number/LCD_Pow(10,i-1)%10+'0');
 148   2              }
 149   1      }
 150          
 151          /**
 152            * @brief  在LCD1602指定位置开始以有符号十进制显示所给数字
 153            * @param  Line 起始行位置，范围：1~2
 154            * @param  Column 起始列位置，范围：1~16
 155            * @param  Number 要显示的数字，范围：-32768~32767
 156            * @param  Length 要显示数字的长度，范围：1~5
 157            * @retval 无
 158            */
 159          void LCD_ShowSignedNum(unsigned char Line,unsigned char Column,int Number,unsigned char Length)
 160          {
 161   1              unsigned char i;
 162   1              unsigned int Number1;
 163   1              LCD_SetCursor(Line,Column);
 164   1              if(Number>=0)
 165   1              {
 166   2                      LCD_WriteData('+');
 167   2                      Number1=Number;
 168   2              }
 169   1              else
 170   1              {
 171   2                      LCD_WriteData('-');
 172   2                      Number1=-Number;
 173   2              }
 174   1              for(i=Length;i>0;i--)
 175   1              {
 176   2                      LCD_WriteData(Number1/LCD_Pow(10,i-1)%10+'0');
 177   2              }
 178   1      }
C51 COMPILER V9.60.0.0   LCD1602                                                           12/27/2022 18:58:35 PAGE 4   

 179          
 180          /**
 181            * @brief  在LCD1602指定位置开始以十六进制显示所给数字
 182            * @param  Line 起始行位置，范围：1~2
 183            * @param  Column 起始列位置，范围：1~16
 184            * @param  Number 要显示的数字，范围：0~0xFFFF
 185            * @param  Length 要显示数字的长度，范围：1~4
 186            * @retval 无
 187            */
 188          void LCD_ShowHexNum(unsigned char Line,unsigned char Column,unsigned int Number,unsigned char Length)
 189          {
 190   1              unsigned char i,SingleNumber;
 191   1              LCD_SetCursor(Line,Column);
 192   1              for(i=Length;i>0;i--)
 193   1              {
 194   2                      SingleNumber=Number/LCD_Pow(16,i-1)%16;
 195   2                      if(SingleNumber<10)
 196   2                      {
 197   3                              LCD_WriteData(SingleNumber+'0');
 198   3                      }
 199   2                      else
 200   2                      {
 201   3                              LCD_WriteData(SingleNumber-10+'A');
 202   3                      }
 203   2              }
 204   1      }
 205          
 206          /**
 207            * @brief  在LCD1602指定位置开始以二进制显示所给数字
 208            * @param  Line 起始行位置，范围：1~2
 209            * @param  Column 起始列位置，范围：1~16
 210            * @param  Number 要显示的数字，范围：0~1111 1111 1111 1111
 211            * @param  Length 要显示数字的长度，范围：1~16
 212            * @retval 无
 213            */
 214          void LCD_ShowBinNum(unsigned char Line,unsigned char Column,unsigned int Number,unsigned char Length)
 215          {
 216   1              unsigned char i;
 217   1              LCD_SetCursor(Line,Column);
 218   1              for(i=Length;i>0;i--)
 219   1              {
 220   2                      LCD_WriteData(Number/LCD_Pow(2,i-1)%2+'0');
 221   2              }
 222   1      }


MODULE INFORMATION:   STATIC OVERLAYABLE
   CODE SIZE        =    445    ----
   CONSTANT SIZE    =   ----    ----
   XDATA SIZE       =   ----    ----
   PDATA SIZE       =   ----    ----
   DATA SIZE        =   ----      29
   IDATA SIZE       =   ----    ----
   BIT SIZE         =   ----    ----
END OF MODULE INFORMATION.


C51 COMPILATION COMPLETE.  0 WARNING(S),  0 ERROR(S)
